{"/home/dev/Documents/test/demo-v8-coverage-issue/demo-v8-coverage-issue/src/components/CustomComponent.vue": {"path":"/home/dev/Documents/test/demo-v8-coverage-issue/demo-v8-coverage-issue/src/components/CustomComponent.vue","all":false,"statementMap":{"0":{"start":{"line":1,"column":0},"end":{"line":1,"column":10}},"1":{"start":{"line":2,"column":0},"end":{"line":2,"column":7}},"2":{"start":{"line":3,"column":0},"end":{"line":3,"column":19}},"3":{"start":{"line":4,"column":0},"end":{"line":4,"column":18}},"4":{"start":{"line":5,"column":0},"end":{"line":5,"column":37}},"5":{"start":{"line":6,"column":0},"end":{"line":6,"column":35}},"6":{"start":{"line":7,"column":0},"end":{"line":7,"column":6}},"7":{"start":{"line":8,"column":0},"end":{"line":8,"column":19}},"8":{"start":{"line":9,"column":0},"end":{"line":9,"column":8}},"12":{"start":{"line":13,"column":0},"end":{"line":13,"column":26}},"14":{"start":{"line":15,"column":0},"end":{"line":15,"column":21}}},"s":{"0":0,"1":0,"2":0,"3":0,"4":0,"5":1,"6":1,"7":1,"8":1,"12":1,"14":1},"branchMap":{},"b":{},"fnMap":{"0":{"name":"__vite_ssr_import_2__.createElementBlock.__vite_ssr_import_2__.createVNode.onUpdate:samenameproperty._cache.<computed>._cache.<computed>","decl":{"start":{"line":1,"column":0},"end":{"line":5,"column":37}},"loc":{"start":{"line":1,"column":0},"end":{"line":5,"column":37}},"line":1}},"f":{"0":0}}
}
